<?xml version="1.0" encoding="UTF-8"?>
<Site BuildName="Linux-g++"
	BuildStamp="20240418-0720-Experimental"
	Name="hao"
	Generator="ctest-3.22.1"
	CompilerName="/usr/bin/g++"
	CompilerVersion="11.4.0"
	OSName="Linux"
	Hostname="hao"
	OSRelease="5.15.146.1-microsoft-standard-WSL2"
	OSVersion="#1 SMP Thu Jan 11 04:09:03 UTC 2024"
	OSPlatform="x86_64"
	Is64Bits="1"
	VendorString="GenuineIntel"
	VendorID="Intel Corporation"
	FamilyID="6"
	ModelID="183"
	ProcessorCacheSize="36864"
	NumberOfLogicalCPU="32"
	NumberOfPhysicalCPU="16"
	TotalVirtualMemory="4096"
	TotalPhysicalMemory="15913"
	LogicalProcessorsPerPhysical="2"
	ProcessorClockFrequency="2995.2"
	>
	<Testing>
		<StartDateTime>Apr 18 15:20 CST</StartDateTime>
		<StartTestTime>1713424852</StartTestTime>
		<TestList/>
		<EndDateTime>Apr 18 15:20 CST</EndDateTime>
		<EndTestTime>1713424852</EndTestTime>
		<ElapsedMinutes>0</ElapsedMinutes>
	</Testing>
</Site>
